<?xml version="1.0" encoding="UTF-8"?>
<!-- Generated by org.testng.reporters.JUnitXMLReporter -->
<testsuite ignored="1" hostname="DatBOI" failures="0" tests="1" name="Default test" time="11.739" errors="0" timestamp="2023-08-28T18:15:37 EDT">
  <testcase classname="calendarDatePicker.LearningVariousConcepts" name="usingJavaScriptExecutor" time="0.072"/>
  <testcase classname="calendarDatePicker.LearningVariousConcepts" name="selectDate" time="0.0">
    <ignored/>
  </testcase> <!-- selectDate -->
</testsuite> <!-- Default test -->
