<?xml version="1.0" encoding="UTF-8"?>
<!-- Generated by org.testng.reporters.JUnitXMLReporter -->
<testsuite ignored="0" hostname="DatBOI" failures="1" tests="4" name="Test4BatchPackage" time="90.51" errors="0" timestamp="2023-07-26T15:21:49 EDT">
  <testcase classname="runningTestCasesInBatches.TutorialsNinjaRegisterAccountTest" name="RegisterAccountWithValidRequirements" time="10.792"/>
  <testcase classname="runningTestCasesInBatches.ReddifLoginTest" name="loginWithValidCredentials" time="17.062"/>
  <testcase classname="runningTestCasesInBatches.ReddifRegisterCreateAccountTest" name="SignUpWithValidCredentials" time="10.609">
    <failure type="java.lang.NullPointerException" message="Cannot invoke &amp;quot;org.testng.asserts.SoftAssert.assertTrue(boolean)&amp;quot; because &amp;quot;this.softassert&amp;quot; is null">
      <![CDATA[java.lang.NullPointerException: Cannot invoke "org.testng.asserts.SoftAssert.assertTrue(boolean)" because "this.softassert" is null
at runningTestCasesInBatches.ReddifRegisterCreateAccountTest.SignUpWithValidCredentials(ReddifRegisterCreateAccountTest.java:46)
at java.base/java.util.ArrayList.forEach(ArrayList.java:1511)
... Removed 27 stack frames]]>
    </failure>
  </testcase> <!-- SignUpWithValidCredentials -->
  <testcase classname="runningTestCasesInBatches.TutorialsNinjaLoginTest" name="LoginWithValidCredentials" time="17.946"/>
</testsuite> <!-- Test4BatchPackage -->
