<?xml version="1.0" encoding="UTF-8"?>
<testng-results ignored="0" total="1" passed="1" failed="0" skipped="0">
  <reporter-output>
  </reporter-output>
  <suite started-at="2023-07-24T17:35:43 EDT" name="Default suite" finished-at="2023-07-24T17:35:55 EDT" duration-ms="11385">
    <groups>
    </groups>
    <test started-at="2023-07-24T17:35:43 EDT" name="Default test" finished-at="2023-07-24T17:35:55 EDT" duration-ms="11385">
      <class name="automationMovements.Keyboard_Actions">
        <test-method signature="KeyBoardActions()[pri:0, instance:automationMovements.Keyboard_Actions@196a42c3]" started-at="2023-07-24T17:35:44 EDT" name="KeyBoardActions" finished-at="2023-07-24T17:35:55 EDT" duration-ms="11318" status="PASS">
          <reporter-output>
          </reporter-output>
        </test-method> <!-- KeyBoardActions -->
      </class> <!-- automationMovements.Keyboard_Actions -->
    </test> <!-- Default test -->
  </suite> <!-- Default suite -->
</testng-results>
