<?xml version="1.0" encoding="UTF-8"?>
<testng-results ignored="0" total="9" passed="9" failed="0" skipped="0">
  <reporter-output>
  </reporter-output>
  <suite started-at="2023-07-29T16:14:02 EDT" name="Default suite" finished-at="2023-07-29T16:16:28 EDT" duration-ms="146412">
    <groups>
    </groups>
    <test started-at="2023-07-29T16:14:02 EDT" name="Default test" finished-at="2023-07-29T16:16:28 EDT" duration-ms="146412">
      <class name="com.takingAdvantageOfExcel.TNregisterANdLogin">
        <test-method signature="LoginWithExcelSheetInforMation(java.lang.String,java.lang.String)[pri:1, instance:com.takingAdvantageOfExcel.TNregisterANdLogin@5f049ea1]" started-at="2023-07-29T16:14:02 EDT" name="LoginWithExcelSheetInforMation" data-provider="LoginSheetExcel" finished-at="2023-07-29T16:14:22 EDT" duration-ms="19706" status="PASS">
          <params>
            <param index="0">
              <value>
                <![CDATA[JamesWhiteyBulgerwh@gmail.com]]>
              </value>
            </param>
            <param index="1">
              <value>
                <![CDATA[IamTheRealJames223]]>
              </value>
            </param>
          </params>
          <reporter-output>
          </reporter-output>
        </test-method> <!-- LoginWithExcelSheetInforMation -->
        <test-method is-config="true" signature="TearDown()[pri:0, instance:com.takingAdvantageOfExcel.TNregisterANdLogin@5f049ea1]" started-at="2023-07-29T16:14:22 EDT" name="TearDown" finished-at="2023-07-29T16:14:22 EDT" duration-ms="359" status="PASS">
          <reporter-output>
          </reporter-output>
        </test-method> <!-- TearDown -->
        <test-method signature="LoginWithExcelSheetInforMation(java.lang.String,java.lang.String)[pri:1, instance:com.takingAdvantageOfExcel.TNregisterANdLogin@5f049ea1]" started-at="2023-07-29T16:14:22 EDT" name="LoginWithExcelSheetInforMation" data-provider="LoginSheetExcel" finished-at="2023-07-29T16:14:42 EDT" duration-ms="19351" status="PASS">
          <params>
            <param index="0">
              <value>
                <![CDATA[JohnConnoly@yahoo.com]]>
              </value>
            </param>
            <param index="1">
              <value>
                <![CDATA[IluvJamesBulg@rx0x0]]>
              </value>
            </param>
          </params>
          <reporter-output>
          </reporter-output>
        </test-method> <!-- LoginWithExcelSheetInforMation -->
        <test-method is-config="true" signature="TearDown()[pri:0, instance:com.takingAdvantageOfExcel.TNregisterANdLogin@5f049ea1]" started-at="2023-07-29T16:14:42 EDT" name="TearDown" finished-at="2023-07-29T16:14:42 EDT" duration-ms="295" status="PASS">
          <reporter-output>
          </reporter-output>
        </test-method> <!-- TearDown -->
        <test-method signature="LoginWithExcelSheetInforMation(java.lang.String,java.lang.String)[pri:1, instance:com.takingAdvantageOfExcel.TNregisterANdLogin@5f049ea1]" started-at="2023-07-29T16:14:42 EDT" name="LoginWithExcelSheetInforMation" data-provider="LoginSheetExcel" finished-at="2023-07-29T16:14:57 EDT" duration-ms="14836" status="PASS">
          <params>
            <param index="0">
              <value>
                <![CDATA[therealwinterhillgang@gmail.com]]>
              </value>
            </param>
            <param index="1">
              <value>
                <![CDATA[TheRealHillGang123]]>
              </value>
            </param>
          </params>
          <reporter-output>
          </reporter-output>
        </test-method> <!-- LoginWithExcelSheetInforMation -->
        <test-method is-config="true" signature="TearDown()[pri:0, instance:com.takingAdvantageOfExcel.TNregisterANdLogin@5f049ea1]" started-at="2023-07-29T16:14:57 EDT" name="TearDown" finished-at="2023-07-29T16:14:57 EDT" duration-ms="372" status="PASS">
          <reporter-output>
          </reporter-output>
        </test-method> <!-- TearDown -->
        <test-method signature="LoginWithExcelSheetInforMation(java.lang.String,java.lang.String)[pri:1, instance:com.takingAdvantageOfExcel.TNregisterANdLogin@5f049ea1]" started-at="2023-07-29T16:14:57 EDT" name="LoginWithExcelSheetInforMation" data-provider="LoginSheetExcel" finished-at="2023-07-29T16:15:12 EDT" duration-ms="14997" status="PASS">
          <params>
            <param index="0">
              <value>
                <![CDATA[IamDwightSchrute2234@gmail.com]]>
              </value>
            </param>
            <param index="1">
              <value>
                <![CDATA[ILuvBeats440]]>
              </value>
            </param>
          </params>
          <reporter-output>
          </reporter-output>
        </test-method> <!-- LoginWithExcelSheetInforMation -->
        <test-method is-config="true" signature="TearDown()[pri:0, instance:com.takingAdvantageOfExcel.TNregisterANdLogin@5f049ea1]" started-at="2023-07-29T16:15:12 EDT" name="TearDown" finished-at="2023-07-29T16:15:12 EDT" duration-ms="292" status="PASS">
          <reporter-output>
          </reporter-output>
        </test-method> <!-- TearDown -->
        <test-method signature="LoginWithExcelSheetInforMation(java.lang.String,java.lang.String)[pri:1, instance:com.takingAdvantageOfExcel.TNregisterANdLogin@5f049ea1]" started-at="2023-07-29T16:15:12 EDT" name="LoginWithExcelSheetInforMation" data-provider="LoginSheetExcel" finished-at="2023-07-29T16:15:27 EDT" duration-ms="14850" status="PASS">
          <params>
            <param index="0">
              <value>
                <![CDATA[JimmyJohnsHallpy@yahoo.com]]>
              </value>
            </param>
            <param index="1">
              <value>
                <![CDATA[pamIsmyBae4eva]]>
              </value>
            </param>
          </params>
          <reporter-output>
          </reporter-output>
        </test-method> <!-- LoginWithExcelSheetInforMation -->
        <test-method is-config="true" signature="TearDown()[pri:0, instance:com.takingAdvantageOfExcel.TNregisterANdLogin@5f049ea1]" started-at="2023-07-29T16:15:27 EDT" name="TearDown" finished-at="2023-07-29T16:15:28 EDT" duration-ms="294" status="PASS">
          <reporter-output>
          </reporter-output>
        </test-method> <!-- TearDown -->
        <test-method signature="LoginWithExcelSheetInforMation(java.lang.String,java.lang.String)[pri:1, instance:com.takingAdvantageOfExcel.TNregisterANdLogin@5f049ea1]" started-at="2023-07-29T16:15:28 EDT" name="LoginWithExcelSheetInforMation" data-provider="LoginSheetExcel" finished-at="2023-07-29T16:15:42 EDT" duration-ms="14465" status="PASS">
          <params>
            <param index="0">
              <value>
                <![CDATA[IamTheWorldsBestboss@gmail.com]]>
              </value>
            </param>
            <param index="1">
              <value>
                <![CDATA[IamTheBestBoss]]>
              </value>
            </param>
          </params>
          <reporter-output>
          </reporter-output>
        </test-method> <!-- LoginWithExcelSheetInforMation -->
        <test-method is-config="true" signature="TearDown()[pri:0, instance:com.takingAdvantageOfExcel.TNregisterANdLogin@5f049ea1]" started-at="2023-07-29T16:15:42 EDT" name="TearDown" finished-at="2023-07-29T16:15:42 EDT" duration-ms="293" status="PASS">
          <reporter-output>
          </reporter-output>
        </test-method> <!-- TearDown -->
        <test-method signature="LoginWithExcelSheetInforMation(java.lang.String,java.lang.String)[pri:1, instance:com.takingAdvantageOfExcel.TNregisterANdLogin@5f049ea1]" started-at="2023-07-29T16:15:42 EDT" name="LoginWithExcelSheetInforMation" data-provider="LoginSheetExcel" finished-at="2023-07-29T16:15:57 EDT" duration-ms="14759" status="PASS">
          <params>
            <param index="0">
              <value>
                <![CDATA[KevinWeeks123@yahoo.com]]>
              </value>
            </param>
            <param index="1">
              <value>
                <![CDATA[WeeksNotWeaks321]]>
              </value>
            </param>
          </params>
          <reporter-output>
          </reporter-output>
        </test-method> <!-- LoginWithExcelSheetInforMation -->
        <test-method is-config="true" signature="TearDown()[pri:0, instance:com.takingAdvantageOfExcel.TNregisterANdLogin@5f049ea1]" started-at="2023-07-29T16:15:57 EDT" name="TearDown" finished-at="2023-07-29T16:15:57 EDT" duration-ms="277" status="PASS">
          <reporter-output>
          </reporter-output>
        </test-method> <!-- TearDown -->
        <test-method signature="LoginWithExcelSheetInforMation(java.lang.String,java.lang.String)[pri:1, instance:com.takingAdvantageOfExcel.TNregisterANdLogin@5f049ea1]" started-at="2023-07-29T16:15:57 EDT" name="LoginWithExcelSheetInforMation" data-provider="LoginSheetExcel" finished-at="2023-07-29T16:16:12 EDT" duration-ms="14716" status="PASS">
          <params>
            <param index="0">
              <value>
                <![CDATA[PamBeesly@gmail.com]]>
              </value>
            </param>
            <param index="1">
              <value>
                <![CDATA[JimIsmyBea4eva]]>
              </value>
            </param>
          </params>
          <reporter-output>
          </reporter-output>
        </test-method> <!-- LoginWithExcelSheetInforMation -->
        <test-method is-config="true" signature="TearDown()[pri:0, instance:com.takingAdvantageOfExcel.TNregisterANdLogin@5f049ea1]" started-at="2023-07-29T16:16:12 EDT" name="TearDown" finished-at="2023-07-29T16:16:12 EDT" duration-ms="279" status="PASS">
          <reporter-output>
          </reporter-output>
        </test-method> <!-- TearDown -->
        <test-method signature="LoginWithExcelSheetInforMation(java.lang.String,java.lang.String)[pri:1, instance:com.takingAdvantageOfExcel.TNregisterANdLogin@5f049ea1]" started-at="2023-07-29T16:16:12 EDT" name="LoginWithExcelSheetInforMation" data-provider="LoginSheetExcel" finished-at="2023-07-29T16:16:28 EDT" duration-ms="15260" status="PASS">
          <params>
            <param index="0">
              <value>
                <![CDATA[SenateBilly@gmail.com]]>
              </value>
            </param>
            <param index="1">
              <value>
                <![CDATA[ProudSenate12]]>
              </value>
            </param>
          </params>
          <reporter-output>
          </reporter-output>
        </test-method> <!-- LoginWithExcelSheetInforMation -->
        <test-method is-config="true" signature="TearDown()[pri:0, instance:com.takingAdvantageOfExcel.TNregisterANdLogin@5f049ea1]" started-at="2023-07-29T16:16:28 EDT" name="TearDown" finished-at="2023-07-29T16:16:28 EDT" duration-ms="262" status="PASS">
          <reporter-output>
          </reporter-output>
        </test-method> <!-- TearDown -->
      </class> <!-- com.takingAdvantageOfExcel.TNregisterANdLogin -->
    </test> <!-- Default test -->
  </suite> <!-- Default suite -->
</testng-results>
