<?xml version="1.0" encoding="UTF-8"?>
<testng-results ignored="0" total="2" passed="1" failed="1" skipped="0">
  <reporter-output>
  </reporter-output>
  <suite started-at="2023-07-17T15:46:07 EDT" name="Default suite" finished-at="2023-07-17T15:46:31 EDT" duration-ms="23999">
    <groups>
    </groups>
    <test started-at="2023-07-17T15:46:07 EDT" name="Default test" finished-at="2023-07-17T15:46:31 EDT" duration-ms="23999">
      <class name="cssSelectorsJava.Traversing_With_CssSelectors">
        <test-method is-config="true" signature="setUp()[pri:0, instance:cssSelectorsJava.Traversing_With_CssSelectors@606e4010]" started-at="2023-07-17T15:46:07 EDT" name="setUp" finished-at="2023-07-17T15:46:19 EDT" duration-ms="12105" status="PASS">
          <reporter-output>
          </reporter-output>
        </test-method> <!-- setUp -->
        <test-method signature="clickOnCreateAccount()[pri:0, instance:cssSelectorsJava.Traversing_With_CssSelectors@606e4010]" started-at="2023-07-17T15:46:19 EDT" name="clickOnCreateAccount" finished-at="2023-07-17T15:46:19 EDT" duration-ms="9" status="PASS">
          <reporter-output>
          </reporter-output>
        </test-method> <!-- clickOnCreateAccount -->
        <test-method is-config="true" signature="ShutDown()[pri:0, instance:cssSelectorsJava.Traversing_With_CssSelectors@606e4010]" started-at="2023-07-17T15:46:19 EDT" name="ShutDown" finished-at="2023-07-17T15:46:21 EDT" duration-ms="1241" status="PASS">
          <reporter-output>
          </reporter-output>
        </test-method> <!-- ShutDown -->
        <test-method is-config="true" signature="setUp()[pri:0, instance:cssSelectorsJava.Traversing_With_CssSelectors@606e4010]" started-at="2023-07-17T15:46:21 EDT" name="setUp" finished-at="2023-07-17T15:46:29 EDT" duration-ms="8712" status="PASS">
          <reporter-output>
          </reporter-output>
        </test-method> <!-- setUp -->
        <test-method signature="clickOnLogin()[pri:1, instance:cssSelectorsJava.Traversing_With_CssSelectors@606e4010]" started-at="2023-07-17T15:46:29 EDT" name="clickOnLogin" finished-at="2023-07-17T15:46:30 EDT" duration-ms="1197" status="FAIL">
          <exception class="org.openqa.selenium.ElementClickInterceptedException">
            <message>
              <![CDATA[element click intercepted: Element <a href="https://openweathermap.org/home/sign_in">...</a> is not clickable at point (1165, 30). Other element would receive the click: <div tabindex="0" aria-label="Loading" class="owm-loader">...</div>
  (Session info: MicrosoftEdge=114.0.1823.82)
Build info: version: '4.10.0', revision: 'c14d967899'
System info: os.name: 'Windows 11', os.arch: 'amd64', os.version: '10.0', java.version: '17.0.7'
Driver info: org.openqa.selenium.edge.EdgeDriver
Command: [378ffd357d2b429e8cd8eaf786b620c1, clickElement {id=F5D2A663D27FB8AEC79187C9E31442BF_element_20}]
Capabilities {acceptInsecureCerts: false, browserName: msedge, browserVersion: 114.0.1823.82, ms:edgeOptions: {debuggerAddress: localhost:55194}, msedge: {msedgedriverVersion: 114.0.1823.82 (ac4903679dd6..., userDataDir: C:\Users\ninja\AppData\Loca...}, networkConnectionEnabled: false, pageLoadStrategy: normal, platformName: windows, proxy: Proxy(), se:cdp: ws://localhost:55194/devtoo..., se:cdpVersion: 114.0.1823.82, setWindowRect: true, strictFileInteractability: false, timeouts: {implicit: 0, pageLoad: 300000, script: 30000}, unhandledPromptBehavior: dismiss and notify, webauthn:extension:credBlob: true, webauthn:extension:largeBlob: true, webauthn:extension:minPinLength: true, webauthn:extension:prf: true, webauthn:virtualAuthenticators: true}
Element: [[EdgeDriver: msedge on windows (378ffd357d2b429e8cd8eaf786b620c1)] -> css selector: div#desktop-menu>form+ul>li.user-li>a]
Session ID: 378ffd357d2b429e8cd8eaf786b620c1]]>
            </message>
            <full-stacktrace>
              <![CDATA[org.openqa.selenium.ElementClickInterceptedException: element click intercepted: Element <a href="https://openweathermap.org/home/sign_in">...</a> is not clickable at point (1165, 30). Other element would receive the click: <div tabindex="0" aria-label="Loading" class="owm-loader">...</div>
  (Session info: MicrosoftEdge=114.0.1823.82)
Build info: version: '4.10.0', revision: 'c14d967899'
System info: os.name: 'Windows 11', os.arch: 'amd64', os.version: '10.0', java.version: '17.0.7'
Driver info: org.openqa.selenium.edge.EdgeDriver
Command: [378ffd357d2b429e8cd8eaf786b620c1, clickElement {id=F5D2A663D27FB8AEC79187C9E31442BF_element_20}]
Capabilities {acceptInsecureCerts: false, browserName: msedge, browserVersion: 114.0.1823.82, ms:edgeOptions: {debuggerAddress: localhost:55194}, msedge: {msedgedriverVersion: 114.0.1823.82 (ac4903679dd6..., userDataDir: C:\Users\ninja\AppData\Loca...}, networkConnectionEnabled: false, pageLoadStrategy: normal, platformName: windows, proxy: Proxy(), se:cdp: ws://localhost:55194/devtoo..., se:cdpVersion: 114.0.1823.82, setWindowRect: true, strictFileInteractability: false, timeouts: {implicit: 0, pageLoad: 300000, script: 30000}, unhandledPromptBehavior: dismiss and notify, webauthn:extension:credBlob: true, webauthn:extension:largeBlob: true, webauthn:extension:minPinLength: true, webauthn:extension:prf: true, webauthn:virtualAuthenticators: true}
Element: [[EdgeDriver: msedge on windows (378ffd357d2b429e8cd8eaf786b620c1)] -> css selector: div#desktop-menu>form+ul>li.user-li>a]
Session ID: 378ffd357d2b429e8cd8eaf786b620c1
at java.base/jdk.internal.reflect.NativeConstructorAccessorImpl.newInstance0(Native Method)
at java.base/jdk.internal.reflect.NativeConstructorAccessorImpl.newInstance(NativeConstructorAccessorImpl.java:77)
at java.base/jdk.internal.reflect.DelegatingConstructorAccessorImpl.newInstance(DelegatingConstructorAccessorImpl.java:45)
at java.base/java.lang.reflect.Constructor.newInstanceWithCaller(Constructor.java:499)
at java.base/java.lang.reflect.Constructor.newInstance(Constructor.java:480)
at org.openqa.selenium.remote.codec.w3c.W3CHttpResponseCodec.createException(W3CHttpResponseCodec.java:199)
at org.openqa.selenium.remote.codec.w3c.W3CHttpResponseCodec.decode(W3CHttpResponseCodec.java:132)
at org.openqa.selenium.remote.codec.w3c.W3CHttpResponseCodec.decode(W3CHttpResponseCodec.java:51)
at org.openqa.selenium.remote.HttpCommandExecutor.execute(HttpCommandExecutor.java:191)
at org.openqa.selenium.remote.service.DriverCommandExecutor.invokeExecute(DriverCommandExecutor.java:196)
at org.openqa.selenium.remote.service.DriverCommandExecutor.execute(DriverCommandExecutor.java:171)
at org.openqa.selenium.remote.RemoteWebDriver.execute(RemoteWebDriver.java:531)
at org.openqa.selenium.remote.RemoteWebElement.execute(RemoteWebElement.java:242)
at org.openqa.selenium.remote.RemoteWebElement.click(RemoteWebElement.java:77)
at cssSelectorsJava.Traversing_With_CssSelectors.clickOnLogin(Traversing_With_CssSelectors.java:43)
at java.base/jdk.internal.reflect.NativeMethodAccessorImpl.invoke0(Native Method)
at java.base/jdk.internal.reflect.NativeMethodAccessorImpl.invoke(NativeMethodAccessorImpl.java:77)
at java.base/jdk.internal.reflect.DelegatingMethodAccessorImpl.invoke(DelegatingMethodAccessorImpl.java:43)
at java.base/java.lang.reflect.Method.invoke(Method.java:568)
at org.testng.internal.invokers.MethodInvocationHelper.invokeMethod(MethodInvocationHelper.java:139)
at org.testng.internal.invokers.TestInvoker.invokeMethod(TestInvoker.java:664)
at org.testng.internal.invokers.TestInvoker.invokeTestMethod(TestInvoker.java:227)
at org.testng.internal.invokers.MethodRunner.runInSequence(MethodRunner.java:50)
at org.testng.internal.invokers.TestInvoker$MethodInvocationAgent.invoke(TestInvoker.java:957)
at org.testng.internal.invokers.TestInvoker.invokeTestMethods(TestInvoker.java:200)
at org.testng.internal.invokers.TestMethodWorker.invokeTestMethods(TestMethodWorker.java:148)
at org.testng.internal.invokers.TestMethodWorker.run(TestMethodWorker.java:128)
at java.base/java.util.ArrayList.forEach(ArrayList.java:1511)
at org.testng.TestRunner.privateRun(TestRunner.java:848)
at org.testng.TestRunner.run(TestRunner.java:621)
at org.testng.SuiteRunner.runTest(SuiteRunner.java:443)
at org.testng.SuiteRunner.runSequentially(SuiteRunner.java:437)
at org.testng.SuiteRunner.privateRun(SuiteRunner.java:397)
at org.testng.SuiteRunner.run(SuiteRunner.java:336)
at org.testng.SuiteRunnerWorker.runSuite(SuiteRunnerWorker.java:52)
at org.testng.SuiteRunnerWorker.run(SuiteRunnerWorker.java:95)
at org.testng.TestNG.runSuitesSequentially(TestNG.java:1280)
at org.testng.TestNG.runSuitesLocally(TestNG.java:1200)
at org.testng.TestNG.runSuites(TestNG.java:1114)
at org.testng.TestNG.run(TestNG.java:1082)
at org.testng.remote.AbstractRemoteTestNG.run(AbstractRemoteTestNG.java:115)
at org.testng.remote.RemoteTestNG.initAndRun(RemoteTestNG.java:251)
at org.testng.remote.RemoteTestNG.main(RemoteTestNG.java:77)
]]>
            </full-stacktrace>
          </exception> <!-- org.openqa.selenium.ElementClickInterceptedException -->
          <reporter-output>
          </reporter-output>
        </test-method> <!-- clickOnLogin -->
        <test-method is-config="true" signature="ShutDown()[pri:0, instance:cssSelectorsJava.Traversing_With_CssSelectors@606e4010]" started-at="2023-07-17T15:46:30 EDT" name="ShutDown" finished-at="2023-07-17T15:46:31 EDT" duration-ms="622" status="PASS">
          <reporter-output>
          </reporter-output>
        </test-method> <!-- ShutDown -->
      </class> <!-- cssSelectorsJava.Traversing_With_CssSelectors -->
    </test> <!-- Default test -->
  </suite> <!-- Default suite -->
</testng-results>
