<?xml version="1.0" encoding="UTF-8"?>
<testng-results ignored="0" total="1" passed="1" failed="0" skipped="0">
  <reporter-output>
  </reporter-output>
  <suite started-at="2023-08-16T18:54:15 EDT" name="Default suite" finished-at="2023-08-16T18:54:33 EDT" duration-ms="18269">
    <groups>
    </groups>
    <test started-at="2023-08-16T18:54:15 EDT" name="Default test" finished-at="2023-08-16T18:54:33 EDT" duration-ms="18269">
      <class name="moreAboutAutomationExtraLearning.FirefoxProfilingLearning">
        <test-method is-config="true" signature="setUp()[pri:0, instance:moreAboutAutomationExtraLearning.FirefoxProfilingLearning@18271936]" started-at="2023-08-16T18:54:15 EDT" name="setUp" finished-at="2023-08-16T18:54:30 EDT" duration-ms="14761" status="PASS">
          <reporter-output>
          </reporter-output>
        </test-method> <!-- setUp -->
        <test-method signature="verifyCurrentTitleAndUrl()[pri:0, instance:moreAboutAutomationExtraLearning.FirefoxProfilingLearning@18271936]" started-at="2023-08-16T18:54:30 EDT" name="verifyCurrentTitleAndUrl" finished-at="2023-08-16T18:54:32 EDT" duration-ms="2038" status="PASS">
          <reporter-output>
          </reporter-output>
        </test-method> <!-- verifyCurrentTitleAndUrl -->
        <test-method is-config="true" signature="tearDown()[pri:0, instance:moreAboutAutomationExtraLearning.FirefoxProfilingLearning@18271936]" started-at="2023-08-16T18:54:32 EDT" name="tearDown" finished-at="2023-08-16T18:54:33 EDT" duration-ms="1395" status="PASS">
          <reporter-output>
          </reporter-output>
        </test-method> <!-- tearDown -->
      </class> <!-- moreAboutAutomationExtraLearning.FirefoxProfilingLearning -->
    </test> <!-- Default test -->
  </suite> <!-- Default suite -->
</testng-results>
