<?xml version="1.0" encoding="UTF-8"?>
<testng-results ignored="0" total="6" passed="5" failed="1" skipped="0">
  <reporter-output>
  </reporter-output>
  <suite started-at="2023-07-26T13:54:37 EDT" name="Default suite" finished-at="2023-07-26T13:56:10 EDT" duration-ms="92588">
    <groups>
    </groups>
    <test started-at="2023-07-26T13:54:37 EDT" name="Default test" finished-at="2023-07-26T13:56:10 EDT" duration-ms="92588">
      <class name="validationsINTestNG.SoftassertInAutomation">
        <test-method is-config="true" signature="setUp()[pri:0, instance:validationsINTestNG.SoftassertInAutomation@1a75e76a]" started-at="2023-07-26T13:54:37 EDT" name="setUp" finished-at="2023-07-26T13:54:52 EDT" duration-ms="14542" status="PASS">
          <reporter-output>
          </reporter-output>
        </test-method> <!-- setUp -->
        <test-method signature="verifyTopPageWarningMessage()[pri:1, instance:validationsINTestNG.SoftassertInAutomation@1a75e76a]" started-at="2023-07-26T13:54:52 EDT" name="verifyTopPageWarningMessage" finished-at="2023-07-26T13:54:57 EDT" duration-ms="5099" status="PASS">
          <reporter-output>
          </reporter-output>
        </test-method> <!-- verifyTopPageWarningMessage -->
        <test-method is-config="true" signature="tearDown()[pri:0, instance:validationsINTestNG.SoftassertInAutomation@1a75e76a]" started-at="2023-07-26T13:54:57 EDT" name="tearDown" finished-at="2023-07-26T13:54:57 EDT" duration-ms="444" status="PASS">
          <reporter-output>
          </reporter-output>
        </test-method> <!-- tearDown -->
        <test-method is-config="true" signature="setUp()[pri:0, instance:validationsINTestNG.SoftassertInAutomation@1a75e76a]" started-at="2023-07-26T13:54:57 EDT" name="setUp" finished-at="2023-07-26T13:55:09 EDT" duration-ms="11499" status="PASS">
          <reporter-output>
          </reporter-output>
        </test-method> <!-- setUp -->
        <test-method signature="verifyFirstNameWarningMessageTest()[pri:2, instance:validationsINTestNG.SoftassertInAutomation@1a75e76a]" started-at="2023-07-26T13:55:09 EDT" name="verifyFirstNameWarningMessageTest" finished-at="2023-07-26T13:55:14 EDT" duration-ms="5195" status="PASS">
          <reporter-output>
          </reporter-output>
        </test-method> <!-- verifyFirstNameWarningMessageTest -->
        <test-method is-config="true" signature="tearDown()[pri:0, instance:validationsINTestNG.SoftassertInAutomation@1a75e76a]" started-at="2023-07-26T13:55:14 EDT" name="tearDown" finished-at="2023-07-26T13:55:14 EDT" duration-ms="350" status="PASS">
          <reporter-output>
          </reporter-output>
        </test-method> <!-- tearDown -->
        <test-method is-config="true" signature="setUp()[pri:0, instance:validationsINTestNG.SoftassertInAutomation@1a75e76a]" started-at="2023-07-26T13:55:14 EDT" name="setUp" finished-at="2023-07-26T13:55:26 EDT" duration-ms="11196" status="PASS">
          <reporter-output>
          </reporter-output>
        </test-method> <!-- setUp -->
        <test-method signature="lastNameWarningMessage()[pri:3, instance:validationsINTestNG.SoftassertInAutomation@1a75e76a]" started-at="2023-07-26T13:55:26 EDT" name="lastNameWarningMessage" finished-at="2023-07-26T13:55:31 EDT" duration-ms="5086" status="PASS">
          <reporter-output>
          </reporter-output>
        </test-method> <!-- lastNameWarningMessage -->
        <test-method is-config="true" signature="tearDown()[pri:0, instance:validationsINTestNG.SoftassertInAutomation@1a75e76a]" started-at="2023-07-26T13:55:31 EDT" name="tearDown" finished-at="2023-07-26T13:55:31 EDT" duration-ms="376" status="PASS">
          <reporter-output>
          </reporter-output>
        </test-method> <!-- tearDown -->
        <test-method is-config="true" signature="setUp()[pri:0, instance:validationsINTestNG.SoftassertInAutomation@1a75e76a]" started-at="2023-07-26T13:55:31 EDT" name="setUp" finished-at="2023-07-26T13:55:43 EDT" duration-ms="11564" status="PASS">
          <reporter-output>
          </reporter-output>
        </test-method> <!-- setUp -->
        <test-method signature="verifyNinjaEmailWarningMessage()[pri:4, instance:validationsINTestNG.SoftassertInAutomation@1a75e76a]" started-at="2023-07-26T13:55:43 EDT" name="verifyNinjaEmailWarningMessage" finished-at="2023-07-26T13:55:43 EDT" duration-ms="76" status="PASS">
          <reporter-output>
          </reporter-output>
        </test-method> <!-- verifyNinjaEmailWarningMessage -->
        <test-method is-config="true" signature="tearDown()[pri:0, instance:validationsINTestNG.SoftassertInAutomation@1a75e76a]" started-at="2023-07-26T13:55:43 EDT" name="tearDown" finished-at="2023-07-26T13:55:43 EDT" duration-ms="382" status="PASS">
          <reporter-output>
          </reporter-output>
        </test-method> <!-- tearDown -->
        <test-method is-config="true" signature="setUp()[pri:0, instance:validationsINTestNG.SoftassertInAutomation@1a75e76a]" started-at="2023-07-26T13:55:43 EDT" name="setUp" finished-at="2023-07-26T13:55:53 EDT" duration-ms="10091" status="PASS">
          <reporter-output>
          </reporter-output>
        </test-method> <!-- setUp -->
        <test-method signature="verifyTelephoneWarningMessageTest()[pri:5, instance:validationsINTestNG.SoftassertInAutomation@1a75e76a]" started-at="2023-07-26T13:55:53 EDT" name="verifyTelephoneWarningMessageTest" finished-at="2023-07-26T13:55:53 EDT" duration-ms="97" status="PASS">
          <reporter-output>
          </reporter-output>
        </test-method> <!-- verifyTelephoneWarningMessageTest -->
        <test-method is-config="true" signature="tearDown()[pri:0, instance:validationsINTestNG.SoftassertInAutomation@1a75e76a]" started-at="2023-07-26T13:55:53 EDT" name="tearDown" finished-at="2023-07-26T13:55:54 EDT" duration-ms="417" status="PASS">
          <reporter-output>
          </reporter-output>
        </test-method> <!-- tearDown -->
        <test-method is-config="true" signature="setUp()[pri:0, instance:validationsINTestNG.SoftassertInAutomation@1a75e76a]" started-at="2023-07-26T13:55:54 EDT" name="setUp" finished-at="2023-07-26T13:56:09 EDT" duration-ms="15647" status="PASS">
          <reporter-output>
          </reporter-output>
        </test-method> <!-- setUp -->
        <test-method signature="verifyPasswordWarningMessage()[pri:6, instance:validationsINTestNG.SoftassertInAutomation@1a75e76a]" started-at="2023-07-26T13:56:09 EDT" name="verifyPasswordWarningMessage" finished-at="2023-07-26T13:56:09 EDT" duration-ms="61" status="FAIL">
          <exception class="java.lang.AssertionError">
            <message>
              <![CDATA[The following asserts failed:
expected [true] but found [false]]]>
            </message>
            <full-stacktrace>
              <![CDATA[java.lang.AssertionError: The following asserts failed:
expected [true] but found [false]
at org.testng.asserts.SoftAssert.assertAll(SoftAssert.java:46)
at org.testng.asserts.SoftAssert.assertAll(SoftAssert.java:30)
at validationsINTestNG.SoftassertInAutomation.verifyPasswordWarningMessage(SoftassertInAutomation.java:132)
at java.base/jdk.internal.reflect.NativeMethodAccessorImpl.invoke0(Native Method)
at java.base/jdk.internal.reflect.NativeMethodAccessorImpl.invoke(NativeMethodAccessorImpl.java:77)
at java.base/jdk.internal.reflect.DelegatingMethodAccessorImpl.invoke(DelegatingMethodAccessorImpl.java:43)
at java.base/java.lang.reflect.Method.invoke(Method.java:568)
at org.testng.internal.invokers.MethodInvocationHelper.invokeMethod(MethodInvocationHelper.java:139)
at org.testng.internal.invokers.TestInvoker.invokeMethod(TestInvoker.java:664)
at org.testng.internal.invokers.TestInvoker.invokeTestMethod(TestInvoker.java:227)
at org.testng.internal.invokers.MethodRunner.runInSequence(MethodRunner.java:50)
at org.testng.internal.invokers.TestInvoker$MethodInvocationAgent.invoke(TestInvoker.java:957)
at org.testng.internal.invokers.TestInvoker.invokeTestMethods(TestInvoker.java:200)
at org.testng.internal.invokers.TestMethodWorker.invokeTestMethods(TestMethodWorker.java:148)
at org.testng.internal.invokers.TestMethodWorker.run(TestMethodWorker.java:128)
at java.base/java.util.ArrayList.forEach(ArrayList.java:1511)
at org.testng.TestRunner.privateRun(TestRunner.java:848)
at org.testng.TestRunner.run(TestRunner.java:621)
at org.testng.SuiteRunner.runTest(SuiteRunner.java:443)
at org.testng.SuiteRunner.runSequentially(SuiteRunner.java:437)
at org.testng.SuiteRunner.privateRun(SuiteRunner.java:397)
at org.testng.SuiteRunner.run(SuiteRunner.java:336)
at org.testng.SuiteRunnerWorker.runSuite(SuiteRunnerWorker.java:52)
at org.testng.SuiteRunnerWorker.run(SuiteRunnerWorker.java:95)
at org.testng.TestNG.runSuitesSequentially(TestNG.java:1280)
at org.testng.TestNG.runSuitesLocally(TestNG.java:1200)
at org.testng.TestNG.runSuites(TestNG.java:1114)
at org.testng.TestNG.run(TestNG.java:1082)
at org.testng.remote.AbstractRemoteTestNG.run(AbstractRemoteTestNG.java:115)
at org.testng.remote.RemoteTestNG.initAndRun(RemoteTestNG.java:251)
at org.testng.remote.RemoteTestNG.main(RemoteTestNG.java:77)
]]>
            </full-stacktrace>
          </exception> <!-- java.lang.AssertionError -->
          <reporter-output>
          </reporter-output>
        </test-method> <!-- verifyPasswordWarningMessage -->
        <test-method is-config="true" signature="tearDown()[pri:0, instance:validationsINTestNG.SoftassertInAutomation@1a75e76a]" started-at="2023-07-26T13:56:09 EDT" name="tearDown" finished-at="2023-07-26T13:56:10 EDT" duration-ms="371" status="PASS">
          <reporter-output>
          </reporter-output>
        </test-method> <!-- tearDown -->
      </class> <!-- validationsINTestNG.SoftassertInAutomation -->
    </test> <!-- Default test -->
  </suite> <!-- Default suite -->
</testng-results>
